============================= test session starts =============================
collected 9 items

tests\property\test_auth_properties.py ........                          [ 88%]
tests\property\test_storage_properties.py .                              [100%]

============================== warnings summary ===============================
..\..\..\AppData\Roaming\Python\Python314\site-packages\fastapi\testclient.py:1
  C:\Users\Alejo\AppData\Roaming\Python\Python314\site-packages\fastapi\testclient.py:1: StarletteDeprecationWarning: Using `httpx` with `starlette.testclient` is deprecated; install `httpx2` instead.
    from starlette.testclient import TestClient as TestClient  # noqa

..\..\..\AppData\Roaming\Python\Python314\site-packages\pytest_asyncio\plugin.py:166: 397 warnings
  C:\Users\Alejo\AppData\Roaming\Python\Python314\site-packages\pytest_asyncio\plugin.py:166: DeprecationWarning: 'asyncio.iscoroutinefunction' is deprecated and slated for removal in Python 3.16; use inspect.iscoroutinefunction() instead
    return asyncio.iscoroutinefunction(obj) or inspect.isasyncgenfunction(obj)

..\..\..\AppData\Roaming\Python\Python314\site-packages\pytest_asyncio\plugin.py:429
..\..\..\AppData\Roaming\Python\Python314\site-packages\pytest_asyncio\plugin.py:429
..\..\..\AppData\Roaming\Python\Python314\site-packages\pytest_asyncio\plugin.py:429
..\..\..\AppData\Roaming\Python\Python314\site-packages\pytest_asyncio\plugin.py:429
..\..\..\AppData\Roaming\Python\Python314\site-packages\pytest_asyncio\plugin.py:429
..\..\..\AppData\Roaming\Python\Python314\site-packages\pytest_asyncio\plugin.py:429
..\..\..\AppData\Roaming\Python\Python314\site-packages\pytest_asyncio\plugin.py:429
..\..\..\AppData\Roaming\Python\Python314\site-packages\pytest_asyncio\plugin.py:429
..\..\..\AppData\Roaming\Python\Python314\site-packages\pytest_asyncio\plugin.py:429
  C:\Users\Alejo\AppData\Roaming\Python\Python314\site-packages\pytest_asyncio\plugin.py:429: DeprecationWarning: 'asyncio.iscoroutinefunction' is deprecated and slated for removal in Python 3.16; use inspect.iscoroutinefunction() instead
    return asyncio.iscoroutinefunction(func)

..\..\..\AppData\Roaming\Python\Python314\site-packages\pytest_asyncio\plugin.py:494
..\..\..\AppData\Roaming\Python\Python314\site-packages\pytest_asyncio\plugin.py:494
..\..\..\AppData\Roaming\Python\Python314\site-packages\pytest_asyncio\plugin.py:494
..\..\..\AppData\Roaming\Python\Python314\site-packages\pytest_asyncio\plugin.py:494
..\..\..\AppData\Roaming\Python\Python314\site-packages\pytest_asyncio\plugin.py:494
..\..\..\AppData\Roaming\Python\Python314\site-packages\pytest_asyncio\plugin.py:494
..\..\..\AppData\Roaming\Python\Python314\site-packages\pytest_asyncio\plugin.py:494
..\..\..\AppData\Roaming\Python\Python314\site-packages\pytest_asyncio\plugin.py:494
..\..\..\AppData\Roaming\Python\Python314\site-packages\pytest_asyncio\plugin.py:494
  C:\Users\Alejo\AppData\Roaming\Python\Python314\site-packages\pytest_asyncio\plugin.py:494: DeprecationWarning: 'asyncio.iscoroutinefunction' is deprecated and slated for removal in Python 3.16; use inspect.iscoroutinefunction() instead
    and asyncio.iscoroutinefunction(func.hypothesis.inner_test)

tests/property/test_auth_properties.py::TestPasswordHashingRoundTrip::test_hash_then_verify_returns_true
  C:\Users\Alejo\AppData\Roaming\Python\Python314\site-packages\pytest_asyncio\plugin.py:1001: DeprecationWarning: 'asyncio.get_event_loop_policy' is deprecated and slated for removal in Python 3.16
    return asyncio.get_event_loop_policy()

tests/property/test_auth_properties.py::TestTokenValidityWindow::test_token_accepted_within_30_minutes
tests/property/test_auth_properties.py::TestTokenValidityWindow::test_token_rejected_after_30_minutes
tests/property/test_auth_properties.py::TestAccountLockoutAtThreshold::test_account_not_locked_before_threshold
  C:\Users\Alejo\AppData\Roaming\Python\Python314\site-packages\jwt\api_jwt.py:147: InsecureKeyLengthWarning: The HMAC key is 9 bytes long, which is below the minimum recommended length of 32 bytes for SHA256. See RFC 7518 Section 3.2.
    return self._jws.encode(

tests/property/test_auth_properties.py::TestTokenValidityWindow::test_token_accepted_within_30_minutes
tests/property/test_auth_properties.py::TestTokenValidityWindow::test_token_rejected_after_30_minutes
  C:\Users\Alejo\AppData\Roaming\Python\Python314\site-packages\jwt\api_jwt.py:368: InsecureKeyLengthWarning: The HMAC key is 9 bytes long, which is below the minimum recommended length of 32 bytes for SHA256. See RFC 7518 Section 3.2.
    decoded = self.decode_complete(

tests/property/test_storage_properties.py: 100 warnings
  c:\Users\Alejo\Desktop\Sentify\backend\app\infrastructure\storage\sqlite_storage_provider.py:332: DeprecationWarning: datetime.datetime.utcnow() is deprecated and scheduled for removal in a future version. Use timezone-aware objects to represent datetimes in UTC: datetime.datetime.now(datetime.UTC).
    created_at=datetime.utcnow(),

tests/property/test_storage_properties.py: 100 warnings
  c:\Users\Alejo\Desktop\Sentify\backend\app\infrastructure\storage\sqlite_storage_provider.py:34: DeprecationWarning: datetime.datetime.utcnow() is deprecated and scheduled for removal in a future version. Use timezone-aware objects to represent datetimes in UTC: datetime.datetime.now(datetime.UTC).
    uploaded_at=datetime.utcnow(),

tests/property/test_storage_properties.py: 100 warnings
  c:\Users\Alejo\Desktop\Sentify\backend\app\infrastructure\storage\sqlite_storage_provider.py:88: DeprecationWarning: datetime.datetime.utcnow() is deprecated and scheduled for removal in a future version. Use timezone-aware objects to represent datetimes in UTC: datetime.datetime.now(datetime.UTC).
    analyzed_at=datetime.utcnow(),

-- Docs: https://docs.pytest.org/en/stable/how-to/capture-warnings.html
================= 9 passed, 722 warnings in 377.82s (0:06:17) =================
