============================= test session starts =============================
platform win32 -- Python 3.14.5, pytest-8.2.2, pluggy-1.6.0
rootdir: C:\Users\Alejo\Desktop\Sentify\backend
configfile: pyproject.toml
plugins: anyio-4.14.1, hypothesis-6.108.5, asyncio-0.23.7, cov-7.1.0
asyncio: mode=Mode.STRICT
collected 82 items

tests\property\test_auth_properties.py ....F

================================== FAILURES ===================================
_ TestGenericErrorMessage.test_error_message_identical_for_all_invalid_cases __
tests\property\test_auth_properties.py:403: in test_error_message_identical_for_all_invalid_cases
    @settings(
tests\property\test_auth_properties.py:423: in test_error_message_identical_for_all_invalid_cases
    provider = self._setup_provider()
tests\property\test_auth_properties.py:396: in _setup_provider
    storage = _InMemoryStorageProvider()
E   TypeError: Can't instantiate abstract class _InMemoryStorageProvider without an implementation for abstract method 'get_batch_feedbacks'
E   Falsifying example: test_error_message_identical_for_all_invalid_cases(
E       # The test always failed when commented parts were varied together.
E       self=<tests.property.test_auth_properties.TestGenericErrorMessage object at 0x00000264DFCB7750>,
E       wrong_email='aaa@aaa.com',  # or any other generated value
E       wrong_password='00000000',  # or any other generated value
E   )
============================== warnings summary ===============================
..\..\..\AppData\Roaming\Python\Python314\site-packages\fastapi\testclient.py:1
  C:\Users\Alejo\AppData\Roaming\Python\Python314\site-packages\fastapi\testclient.py:1: StarletteDeprecationWarning: Using `httpx` with `starlette.testclient` is deprecated; install `httpx2` instead.
    from starlette.testclient import TestClient as TestClient  # noqa

..\..\..\AppData\Roaming\Python\Python314\site-packages\pytest_asyncio\plugin.py:166: 5043 warnings
  C:\Users\Alejo\AppData\Roaming\Python\Python314\site-packages\pytest_asyncio\plugin.py:166: DeprecationWarning: 'asyncio.iscoroutinefunction' is deprecated and slated for removal in Python 3.16; use inspect.iscoroutinefunction() instead
    return asyncio.iscoroutinefunction(obj) or inspect.isasyncgenfunction(obj)

..\..\..\AppData\Roaming\Python\Python314\site-packages\pytest_asyncio\plugin.py:429: 82 warnings
  C:\Users\Alejo\AppData\Roaming\Python\Python314\site-packages\pytest_asyncio\plugin.py:429: DeprecationWarning: 'asyncio.iscoroutinefunction' is deprecated and slated for removal in Python 3.16; use inspect.iscoroutinefunction() instead
    return asyncio.iscoroutinefunction(func)

..\..\..\AppData\Roaming\Python\Python314\site-packages\pytest_asyncio\plugin.py:494: 16 warnings
  C:\Users\Alejo\AppData\Roaming\Python\Python314\site-packages\pytest_asyncio\plugin.py:494: DeprecationWarning: 'asyncio.iscoroutinefunction' is deprecated and slated for removal in Python 3.16; use inspect.iscoroutinefunction() instead
    and asyncio.iscoroutinefunction(func.hypothesis.inner_test)

tests/property/test_auth_properties.py::TestPasswordHashingRoundTrip::test_hash_then_verify_returns_true
  C:\Users\Alejo\AppData\Roaming\Python\Python314\site-packages\pytest_asyncio\plugin.py:1001: DeprecationWarning: 'asyncio.get_event_loop_policy' is deprecated and slated for removal in Python 3.16
    return asyncio.get_event_loop_policy()

tests/property/test_auth_properties.py::TestTokenValidityWindow::test_token_accepted_within_30_minutes
tests/property/test_auth_properties.py::TestTokenValidityWindow::test_token_rejected_after_30_minutes
  C:\Users\Alejo\AppData\Roaming\Python\Python314\site-packages\jwt\api_jwt.py:147: InsecureKeyLengthWarning: The HMAC key is 9 bytes long, which is below the minimum recommended length of 32 bytes for SHA256. See RFC 7518 Section 3.2.
    return self._jws.encode(

tests/property/test_auth_properties.py::TestTokenValidityWindow::test_token_accepted_within_30_minutes
tests/property/test_auth_properties.py::TestTokenValidityWindow::test_token_rejected_after_30_minutes
  C:\Users\Alejo\AppData\Roaming\Python\Python314\site-packages\jwt\api_jwt.py:368: InsecureKeyLengthWarning: The HMAC key is 9 bytes long, which is below the minimum recommended length of 32 bytes for SHA256. See RFC 7518 Section 3.2.
    decoded = self.decode_complete(

-- Docs: https://docs.pytest.org/en/stable/how-to/capture-warnings.html
=========================== short test summary info ===========================
FAILED tests/property/test_auth_properties.py::TestGenericErrorMessage::test_error_message_identical_for_all_invalid_cases
!!!!!!!!!!!!!!!!!!!!!!!!!! stopping after 1 failures !!!!!!!!!!!!!!!!!!!!!!!!!!
=========== 1 failed, 4 passed, 5147 warnings in 161.47s (0:02:41) ============
